<?xml version="1.0" encoding="UTF-8"?>
<!-- Generated by org.testng.reporters.JUnitXMLReporter -->
<testsuite ignored="0" hostname="prathyushas-MBP.fios-router.home" failures="0" tests="3" name="Default test" time="13.797" errors="0" timestamp="2020-01-18T11:06:35 EST">
  <testcase classname="testcases.testcase1" name="test" time="1.756"/>
  <testcase classname="testcases.testcase1" name="test" time="1.581"/>
  <testcase classname="testcases.testcase1" name="test" time="1.602"/>
</testsuite> <!-- Default test -->
