<?xml version="1.0" encoding="UTF-8"?>
<!-- Generated by org.testng.reporters.JUnitXMLReporter -->
<testsuite ignored="0" hostname="prathyushas-MBP.fios-router.home" failures="0" tests="3" name="Test" time="27.438" errors="0" timestamp="2020-01-18T13:12:11 EST">
  <testcase classname="testcases.testcase" name="test" time="2.431"/>
  <testcase classname="testcases.testcase" name="test" time="2.038"/>
  <testcase classname="testcases.testcase" name="test" time="2.272"/>
</testsuite> <!-- Test -->
