<?xml version="1.0" encoding="UTF-8"?>
<!-- Generated by org.testng.reporters.JUnitXMLReporter -->
<testsuite ignored="0" hostname="prathyushas-MBP.fios-router.home" failures="0" tests="3" name="Test1" time="0.556" errors="0" timestamp="2020-01-18T11:40:37 EST">
  <testcase classname="testcases.testcase" name="test" time="0.0">
    <skipped/>
  </testcase> <!-- test -->
  <testcase classname="testcases.testcase" name="test" time="0.0">
    <skipped/>
  </testcase> <!-- test -->
  <testcase classname="testcases.testcase" name="test" time="0.0">
    <skipped/>
  </testcase> <!-- test -->
</testsuite> <!-- Test1 -->
