<?xml version="1.0" encoding="UTF-8"?>
<!-- Generated by org.testng.reporters.JUnitXMLReporter -->
<testsuite ignored="0" hostname="prathyushas-MBP.fios-router.home" failures="0" tests="3" name="Test2" time="10.16" errors="0" timestamp="2020-01-18T11:38:20 EST">
  <testcase classname="testcases.testcase" name="test" time="1.525"/>
  <testcase classname="testcases.testcase" name="test" time="1.48"/>
  <testcase classname="testcases.testcase" name="test" time="1.522"/>
</testsuite> <!-- Test2 -->
