<?xml version="1.0" encoding="UTF-8"?>
<testng-results ignored="0" total="3" passed="3" failed="0" skipped="0">
  <reporter-output>
  </reporter-output>
  <suite started-at="2020-01-18T13:11:44 EST" name="Suite" finished-at="2020-01-18T13:12:11 EST" duration-ms="27438">
    <groups>
    </groups>
    <test started-at="2020-01-18T13:11:44 EST" name="Test" finished-at="2020-01-18T13:12:11 EST" duration-ms="27438">
      <class name="testcases.testcase">
        <test-method is-config="true" signature="LaunchBrowser(java.lang.String)[pri:0, instance:testcases.testcase@ba54932]" started-at="2020-01-18T13:11:44 EST" name="LaunchBrowser" finished-at="2020-01-18T13:11:49 EST" duration-ms="5768" status="PASS">
          <params>
            <param index="0">
              <value>
                <![CDATA[firefox]]>
              </value>
            </param>
          </params>
          <reporter-output>
          </reporter-output>
        </test-method> <!-- LaunchBrowser -->
        <test-method signature="test(java.lang.String, java.lang.String, java.lang.String, java.lang.String)[pri:0, instance:testcases.testcase@ba54932]" started-at="2020-01-18T13:11:49 EST" name="test" data-provider="dp" finished-at="2020-01-18T13:11:52 EST" duration-ms="2431" status="PASS">
          <params>
            <param index="0">
              <value>
                <![CDATA[Hongkong CURA Healthcare Center]]>
              </value>
            </param>
            <param index="1">
              <value>
                <![CDATA[Medicaid]]>
              </value>
            </param>
            <param index="2">
              <value>
                <![CDATA[14/06/2020]]>
              </value>
            </param>
            <param index="3">
              <value>
                <![CDATA[test]]>
              </value>
            </param>
          </params>
          <reporter-output>
          </reporter-output>
        </test-method> <!-- test -->
        <test-method is-config="true" signature="CloseBrowser()[pri:0, instance:testcases.testcase@ba54932]" started-at="2020-01-18T13:11:52 EST" name="CloseBrowser" finished-at="2020-01-18T13:11:57 EST" duration-ms="4679" status="PASS">
          <reporter-output>
          </reporter-output>
        </test-method> <!-- CloseBrowser -->
        <test-method is-config="true" signature="LaunchBrowser(java.lang.String)[pri:0, instance:testcases.testcase@ba54932]" started-at="2020-01-18T13:11:57 EST" name="LaunchBrowser" finished-at="2020-01-18T13:12:00 EST" duration-ms="3260" status="PASS">
          <params>
            <param index="0">
              <value>
                <![CDATA[firefox]]>
              </value>
            </param>
          </params>
          <reporter-output>
          </reporter-output>
        </test-method> <!-- LaunchBrowser -->
        <test-method signature="test(java.lang.String, java.lang.String, java.lang.String, java.lang.String)[pri:0, instance:testcases.testcase@ba54932]" started-at="2020-01-18T13:12:00 EST" name="test" data-provider="dp" finished-at="2020-01-18T13:12:02 EST" duration-ms="2038" status="PASS">
          <params>
            <param index="0">
              <value>
                <![CDATA[Tokyo CURA Healthcare Center]]>
              </value>
            </param>
            <param index="1">
              <value>
                <![CDATA[Medicare]]>
              </value>
            </param>
            <param index="2">
              <value>
                <![CDATA[14/05/2020]]>
              </value>
            </param>
            <param index="3">
              <value>
                <![CDATA[test]]>
              </value>
            </param>
          </params>
          <reporter-output>
          </reporter-output>
        </test-method> <!-- test -->
        <test-method is-config="true" signature="CloseBrowser()[pri:0, instance:testcases.testcase@ba54932]" started-at="2020-01-18T13:12:02 EST" name="CloseBrowser" finished-at="2020-01-18T13:12:04 EST" duration-ms="1787" status="PASS">
          <reporter-output>
          </reporter-output>
        </test-method> <!-- CloseBrowser -->
        <test-method is-config="true" signature="LaunchBrowser(java.lang.String)[pri:0, instance:testcases.testcase@ba54932]" started-at="2020-01-18T13:12:04 EST" name="LaunchBrowser" finished-at="2020-01-18T13:12:07 EST" duration-ms="3487" status="PASS">
          <params>
            <param index="0">
              <value>
                <![CDATA[firefox]]>
              </value>
            </param>
          </params>
          <reporter-output>
          </reporter-output>
        </test-method> <!-- LaunchBrowser -->
        <test-method signature="test(java.lang.String, java.lang.String, java.lang.String, java.lang.String)[pri:0, instance:testcases.testcase@ba54932]" started-at="2020-01-18T13:12:07 EST" name="test" data-provider="dp" finished-at="2020-01-18T13:12:09 EST" duration-ms="2272" status="PASS">
          <params>
            <param index="0">
              <value>
                <![CDATA[Seoul CURA Healthcare Center]]>
              </value>
            </param>
            <param index="1">
              <value>
                <![CDATA[None]]>
              </value>
            </param>
            <param index="2">
              <value>
                <![CDATA[14/07/2020]]>
              </value>
            </param>
            <param index="3">
              <value>
                <![CDATA[test]]>
              </value>
            </param>
          </params>
          <reporter-output>
          </reporter-output>
        </test-method> <!-- test -->
        <test-method is-config="true" signature="CloseBrowser()[pri:0, instance:testcases.testcase@ba54932]" started-at="2020-01-18T13:12:09 EST" name="CloseBrowser" finished-at="2020-01-18T13:12:11 EST" duration-ms="1676" status="PASS">
          <reporter-output>
          </reporter-output>
        </test-method> <!-- CloseBrowser -->
      </class> <!-- testcases.testcase -->
    </test> <!-- Test -->
  </suite> <!-- Suite -->
</testng-results>
